This file contains any messages produced by compilers while
running configure, to aid debugging if configure makes a mistake.

It was created by Sane_Scanner configure 1.0, which was
generated by GNU Autoconf 2.71.  Invocation command line was

  $ ./configure

## --------- ##
## Platform. ##
## --------- ##

hostname = 9de113603edc
uname -m = aarch64
uname -r = 5.15.49-linuxkit-pr
uname -s = Linux
uname -v = #1 SMP PREEMPT Thu May 25 07:27:39 UTC 2023

/usr/bin/uname -p = aarch64
/bin/uname -X     = unknown

/bin/arch              = aarch64
/usr/bin/arch -k       = unknown
/usr/convex/getsysinfo = unknown
/usr/bin/hostinfo      = unknown
/bin/machine           = unknown
/usr/bin/oslevel       = unknown
/bin/universe          = unknown

PATH: /vscode/vscode-server/bin/linux-arm64/f1b07bd25dfad64b0167beb15359ae573aecd2cc/bin/remote-cli/
PATH: /usr/local/sbin/
PATH: /usr/local/bin/
PATH: /usr/sbin/
PATH: /usr/bin/
PATH: /sbin/
PATH: /bin/
PATH: /home/vscode/.local/bin/


## ----------- ##
## Core tests. ##
## ----------- ##

configure:2215: looking for aux files: compile missing install-sh
configure:2228:  trying ./
configure:2257:   ./compile found
configure:2257:   ./missing found
configure:2239:   ./install-sh found
configure:2386: checking for a BSD-compatible install
configure:2459: result: /usr/bin/install -c
configure:2470: checking whether build environment is sane
configure:2525: result: yes
configure:2684: checking for a race-free mkdir -p
configure:2728: result: /usr/bin/mkdir -p
configure:2735: checking for gawk
configure:2770: result: no
configure:2735: checking for mawk
configure:2756: found /usr/bin/mawk
configure:2767: result: mawk
configure:2778: checking whether make sets $(MAKE)
configure:2801: result: yes
configure:2831: checking whether make supports nested variables
configure:2849: result: yes
configure:3047: checking for gcc
configure:3068: found /usr/bin/gcc
configure:3079: result: gcc
configure:3432: checking for C compiler version
configure:3441: gcc --version >&5
gcc (Ubuntu 11.4.0-1ubuntu1~22.04) 11.4.0
Copyright (C) 2021 Free Software Foundation, Inc.
This is free software; see the source for copying conditions.  There is NO
warranty; not even for MERCHANTABILITY or FITNESS FOR A PARTICULAR PURPOSE.

configure:3452: $? = 0
configure:3441: gcc -v >&5
Using built-in specs.
COLLECT_GCC=gcc
COLLECT_LTO_WRAPPER=/usr/lib/gcc/aarch64-linux-gnu/11/lto-wrapper
Target: aarch64-linux-gnu
Configured with: ../src/configure -v --with-pkgversion='Ubuntu 11.4.0-1ubuntu1~22.04' --with-bugurl=file:///usr/share/doc/gcc-11/README.Bugs --enable-languages=c,ada,c++,go,d,fortran,objc,obj-c++,m2 --prefix=/usr --with-gcc-major-version-only --program-suffix=-11 --program-prefix=aarch64-linux-gnu- --enable-shared --enable-linker-build-id --libexecdir=/usr/lib --without-included-gettext --enable-threads=posix --libdir=/usr/lib --enable-nls --enable-bootstrap --enable-clocale=gnu --enable-libstdcxx-debug --enable-libstdcxx-time=yes --with-default-libstdcxx-abi=new --enable-gnu-unique-object --disable-libquadmath --disable-libquadmath-support --enable-plugin --enable-default-pie --with-system-zlib --enable-libphobos-checking=release --with-target-system-zlib=auto --enable-objc-gc=auto --enable-multiarch --enable-fix-cortex-a53-843419 --disable-werror --enable-checking=release --build=aarch64-linux-gnu --host=aarch64-linux-gnu --target=aarch64-linux-gnu --with-build-config=bootstrap-lto-lean --enable-link-serialization=2
Thread model: posix
Supported LTO compression algorithms: zlib zstd
gcc version 11.4.0 (Ubuntu 11.4.0-1ubuntu1~22.04) 
configure:3452: $? = 0
configure:3441: gcc -V >&5
gcc: error: unrecognized command-line option '-V'
gcc: fatal error: no input files
compilation terminated.
configure:3452: $? = 1
configure:3441: gcc -qversion >&5
gcc: error: unrecognized command-line option '-qversion'; did you mean '--version'?
gcc: fatal error: no input files
compilation terminated.
configure:3452: $? = 1
configure:3441: gcc -version >&5
gcc: error: unrecognized command-line option '-version'
gcc: fatal error: no input files
compilation terminated.
configure:3452: $? = 1
configure:3472: checking whether the C compiler works
configure:3494: gcc    conftest.c  >&5
configure:3498: $? = 0
configure:3548: result: yes
configure:3551: checking for C compiler default output file name
configure:3553: result: a.out
configure:3559: checking for suffix of executables
configure:3566: gcc -o conftest    conftest.c  >&5
configure:3570: $? = 0
configure:3593: result: 
configure:3615: checking whether we are cross compiling
configure:3623: gcc -o conftest    conftest.c  >&5
configure:3627: $? = 0
configure:3634: ./conftest
configure:3638: $? = 0
configure:3653: result: no
configure:3658: checking for suffix of object files
configure:3681: gcc -c   conftest.c >&5
configure:3685: $? = 0
configure:3707: result: o
configure:3711: checking whether the compiler supports GNU C
configure:3731: gcc -c   conftest.c >&5
configure:3731: $? = 0
configure:3741: result: yes
configure:3752: checking whether gcc accepts -g
configure:3773: gcc -c -g  conftest.c >&5
configure:3773: $? = 0
configure:3817: result: yes
configure:3837: checking for gcc option to enable C11 features
configure:3852: gcc  -c -g -O2  conftest.c >&5
configure:3852: $? = 0
configure:3870: result: none needed
configure:3986: checking whether gcc understands -c and -o together
configure:4009: gcc -c conftest.c -o conftest2.o
configure:4012: $? = 0
configure:4009: gcc -c conftest.c -o conftest2.o
configure:4012: $? = 0
configure:4024: result: yes
configure:4044: checking whether make supports the include directive
configure:4059: make -f confmf.GNU && cat confinc.out
this is the am__doit target
configure:4062: $? = 0
configure:4081: result: yes (GNU style)
configure:4107: checking dependency style of gcc
configure:4219: result: gcc3
configure:4240: checking for stdio.h
configure:4240: gcc -c -g -O2  conftest.c >&5
configure:4240: $? = 0
configure:4240: result: yes
configure:4240: checking for stdlib.h
configure:4240: gcc -c -g -O2  conftest.c >&5
configure:4240: $? = 0
configure:4240: result: yes
configure:4240: checking for string.h
configure:4240: gcc -c -g -O2  conftest.c >&5
configure:4240: $? = 0
configure:4240: result: yes
configure:4240: checking for inttypes.h
configure:4240: gcc -c -g -O2  conftest.c >&5
configure:4240: $? = 0
configure:4240: result: yes
configure:4240: checking for stdint.h
configure:4240: gcc -c -g -O2  conftest.c >&5
configure:4240: $? = 0
configure:4240: result: yes
configure:4240: checking for strings.h
configure:4240: gcc -c -g -O2  conftest.c >&5
configure:4240: $? = 0
configure:4240: result: yes
configure:4240: checking for sys/stat.h
configure:4240: gcc -c -g -O2  conftest.c >&5
configure:4240: $? = 0
configure:4240: result: yes
configure:4240: checking for sys/types.h
configure:4240: gcc -c -g -O2  conftest.c >&5
configure:4240: $? = 0
configure:4240: result: yes
configure:4240: checking for unistd.h
configure:4240: gcc -c -g -O2  conftest.c >&5
configure:4240: $? = 0
configure:4240: result: yes
configure:4265: checking for stdio.h
configure:4265: result: yes
configure:4271: checking for stdlib.h
configure:4271: result: yes
configure:4277: checking for string.h
configure:4277: result: yes
configure:4285: checking for sane_init in -lsane
configure:4308: gcc -o conftest -g -O2   conftest.c -lsane   >&5
configure:4308: $? = 0
configure:4318: result: yes
configure:4329: checking for MHD_start_daemon in -lmicrohttpd
configure:4352: gcc -o conftest -g -O2   conftest.c -lmicrohttpd  -lsane  >&5
configure:4352: $? = 0
configure:4362: result: yes
configure:4373: checking for sane/sane.h
configure:4373: gcc -c -g -O2  conftest.c >&5
configure:4373: $? = 0
configure:4373: result: yes
configure:4379: checking for microhttpd.h
configure:4379: gcc -c -g -O2  conftest.c >&5
configure:4379: $? = 0
configure:4379: result: yes
configure:4494: checking that generated files are newer than configure
configure:4500: result: done
configure:4523: creating ./config.status

## ---------------------- ##
## Running config.status. ##
## ---------------------- ##

This file was extended by Sane_Scanner config.status 1.0, which was
generated by GNU Autoconf 2.71.  Invocation command line was

  CONFIG_FILES    = 
  CONFIG_HEADERS  = 
  CONFIG_LINKS    = 
  CONFIG_COMMANDS = 
  $ ./config.status 

on 9de113603edc

config.status:853: creating Makefile
config.status:853: creating config.h
config.status:1034: config.h is unchanged
config.status:1082: executing depfiles commands
config.status:1159: cd .       && sed -e '/# am--include-marker/d' Makefile         | make -f - am--depfiles
config.status:1164: $? = 0

## ---------------- ##
## Cache variables. ##
## ---------------- ##

ac_cv_c_compiler_gnu=yes
ac_cv_env_CC_set=
ac_cv_env_CC_value=
ac_cv_env_CFLAGS_set=
ac_cv_env_CFLAGS_value=
ac_cv_env_CPPFLAGS_set=
ac_cv_env_CPPFLAGS_value=
ac_cv_env_LDFLAGS_set=
ac_cv_env_LDFLAGS_value=
ac_cv_env_LIBS_set=
ac_cv_env_LIBS_value=
ac_cv_env_build_alias_set=
ac_cv_env_build_alias_value=
ac_cv_env_host_alias_set=
ac_cv_env_host_alias_value=
ac_cv_env_target_alias_set=
ac_cv_env_target_alias_value=
ac_cv_header_inttypes_h=yes
ac_cv_header_microhttpd_h=yes
ac_cv_header_sane_sane_h=yes
ac_cv_header_stdint_h=yes
ac_cv_header_stdio_h=yes
ac_cv_header_stdlib_h=yes
ac_cv_header_string_h=yes
ac_cv_header_strings_h=yes
ac_cv_header_sys_stat_h=yes
ac_cv_header_sys_types_h=yes
ac_cv_header_unistd_h=yes
ac_cv_lib_microhttpd_MHD_start_daemon=yes
ac_cv_lib_sane_sane_init=yes
ac_cv_objext=o
ac_cv_path_install='/usr/bin/install -c'
ac_cv_path_mkdir=/usr/bin/mkdir
ac_cv_prog_AWK=mawk
ac_cv_prog_ac_ct_CC=gcc
ac_cv_prog_cc_c11=
ac_cv_prog_cc_g=yes
ac_cv_prog_cc_stdc=
ac_cv_prog_make_make_set=yes
am_cv_CC_dependencies_compiler_type=gcc3
am_cv_make_support_nested_variables=yes
am_cv_prog_cc_c_o=yes

## ----------------- ##
## Output variables. ##
## ----------------- ##

ACLOCAL='${SHELL} '\''/workspaces/ubuntu/Sane_Scanner/missing'\'' aclocal-1.16'
AMDEPBACKSLASH='\'
AMDEP_FALSE='#'
AMDEP_TRUE=''
AMTAR='$${TAR-tar}'
AM_BACKSLASH='\'
AM_DEFAULT_V='$(AM_DEFAULT_VERBOSITY)'
AM_DEFAULT_VERBOSITY='1'
AM_V='$(V)'
AUTOCONF='${SHELL} '\''/workspaces/ubuntu/Sane_Scanner/missing'\'' autoconf'
AUTOHEADER='${SHELL} '\''/workspaces/ubuntu/Sane_Scanner/missing'\'' autoheader'
AUTOMAKE='${SHELL} '\''/workspaces/ubuntu/Sane_Scanner/missing'\'' automake-1.16'
AWK='mawk'
CC='gcc'
CCDEPMODE='depmode=gcc3'
CFLAGS='-g -O2'
CPPFLAGS=''
CSCOPE='cscope'
CTAGS='ctags'
CYGPATH_W='echo'
DEFS='-DHAVE_CONFIG_H'
DEPDIR='.deps'
ECHO_C=''
ECHO_N='-n'
ECHO_T=''
ETAGS='etags'
EXEEXT=''
INSTALL_DATA='${INSTALL} -m 644'
INSTALL_PROGRAM='${INSTALL}'
INSTALL_SCRIPT='${INSTALL}'
INSTALL_STRIP_PROGRAM='$(install_sh) -c -s'
LDFLAGS=''
LIBOBJS=''
LIBS='-lmicrohttpd -lsane '
LTLIBOBJS=''
MAKEINFO='${SHELL} '\''/workspaces/ubuntu/Sane_Scanner/missing'\'' makeinfo'
MKDIR_P='/usr/bin/mkdir -p'
OBJEXT='o'
PACKAGE='sane_scanner'
PACKAGE_BUGREPORT=''
PACKAGE_NAME='Sane_Scanner'
PACKAGE_STRING='Sane_Scanner 1.0'
PACKAGE_TARNAME='sane_scanner'
PACKAGE_URL=''
PACKAGE_VERSION='1.0'
PATH_SEPARATOR=':'
SET_MAKE=''
SHELL='/bin/bash'
STRIP=''
VERSION='1.0'
ac_ct_CC='gcc'
am__EXEEXT_FALSE=''
am__EXEEXT_TRUE='#'
am__fastdepCC_FALSE='#'
am__fastdepCC_TRUE=''
am__include='include'
am__isrc=''
am__leading_dot='.'
am__nodep='_no'
am__quote=''
am__tar='$${TAR-tar} chof - "$$tardir"'
am__untar='$${TAR-tar} xf -'
bindir='${exec_prefix}/bin'
build_alias=''
datadir='${datarootdir}'
datarootdir='${prefix}/share'
docdir='${datarootdir}/doc/${PACKAGE_TARNAME}'
dvidir='${docdir}'
exec_prefix='${prefix}'
host_alias=''
htmldir='${docdir}'
includedir='${prefix}/include'
infodir='${datarootdir}/info'
install_sh='${SHELL} /workspaces/ubuntu/Sane_Scanner/install-sh'
libdir='${exec_prefix}/lib'
libexecdir='${exec_prefix}/libexec'
localedir='${datarootdir}/locale'
localstatedir='${prefix}/var'
mandir='${datarootdir}/man'
mkdir_p='$(MKDIR_P)'
oldincludedir='/usr/include'
pdfdir='${docdir}'
prefix='/usr/local'
program_transform_name='s,x,x,'
psdir='${docdir}'
runstatedir='${localstatedir}/run'
sbindir='${exec_prefix}/sbin'
sharedstatedir='${prefix}/com'
sysconfdir='${prefix}/etc'
target_alias=''

## ----------- ##
## confdefs.h. ##
## ----------- ##

/* confdefs.h */
#define PACKAGE_NAME "Sane_Scanner"
#define PACKAGE_TARNAME "sane_scanner"
#define PACKAGE_VERSION "1.0"
#define PACKAGE_STRING "Sane_Scanner 1.0"
#define PACKAGE_BUGREPORT ""
#define PACKAGE_URL ""
#define PACKAGE "sane_scanner"
#define VERSION "1.0"
#define HAVE_STDIO_H 1
#define HAVE_STDLIB_H 1
#define HAVE_STRING_H 1
#define HAVE_INTTYPES_H 1
#define HAVE_STDINT_H 1
#define HAVE_STRINGS_H 1
#define HAVE_SYS_STAT_H 1
#define HAVE_SYS_TYPES_H 1
#define HAVE_UNISTD_H 1
#define STDC_HEADERS 1
#define HAVE_STDIO_H 1
#define HAVE_STDLIB_H 1
#define HAVE_STRING_H 1
#define HAVE_LIBSANE 1
#define HAVE_LIBMICROHTTPD 1
#define HAVE_SANE_SANE_H 1
#define HAVE_MICROHTTPD_H 1

configure: exit 0
